<?xml version="1.0" encoding="UTF-8"?>
<!-- Generated by org.testng.reporters.JUnitReportReporter -->
<testsuite hostname="S4Laptop" failures="0" tests="1" name="Ppackage.DemoTwoTest" time="0.004" errors="0" timestamp="2022-04-19T19:33:33 EDT" skipped="0">
  <testcase classname="Ppackage.DemoTwoTest" name="mTwo" time="0.004"/>
  <system-out/>
</testsuite> <!-- Ppackage.DemoTwoTest -->
